<?xml version="1.0" encoding="UTF-8"?>
<!-- Generated by org.testng.reporters.JUnitReportReporter -->
<testsuite hostname="BojanJoci" failures="0" tests="2" name="pagetests.LogInTest" time="94.065" errors="0" timestamp="2020-05-08T16:19:39 CEST" skipped="0">
  <testcase classname="pagetests.LogInTest" name="logInWithoutUserBeingCreated" time="1.787"/>
  <system-out/>
  <testcase classname="pagetests.LogInTest" name="logInMultyUser" time="92.278"/>
  <system-out/>
</testsuite> <!-- pagetests.LogInTest -->
