<?xml version="1.0" encoding="UTF-8"?>
<!-- Generated by org.testng.reporters.JUnitReportReporter -->
<testsuite hostname="BojanJoci" failures="0" tests="1" name="pagetests.ProductTest" time="24.922" errors="0" timestamp="2020-05-15T22:29:48 CEST" skipped="0">
  <testcase classname="pagetests.ProductTest" name="increasePriceTest" time="24.922"/>
  <system-out/>
</testsuite> <!-- pagetests.ProductTest -->
