<?xml version="1.0" encoding="UTF-8"?>
<!-- Generated by org.testng.reporters.JUnitReportReporter -->
<testsuite hostname="BojanJoci" failures="0" tests="1" name="pagetests.HomeTest" time="53.313" errors="0" timestamp="2020-05-12T14:35:05 CEST" skipped="0">
  <testcase classname="pagetests.HomeTest" name="addingProduct" time="53.313"/>
  <system-out/>
</testsuite> <!-- pagetests.HomeTest -->
